e:\eclipse_workplace\ndkmerge\code\bsdiff\x64\debug\bsdiff.lib
e:\eclipse_workplace\ndkmerge\code\bsdiff\x64\debug\bsdiff.exp
e:\eclipse_workplace\ndkmerge\code\bsdiff\bsdiff\x64\debug\vc141.pdb
e:\eclipse_workplace\ndkmerge\code\bsdiff\bsdiff\x64\debug\vc141.idb
e:\eclipse_workplace\ndkmerge\code\bsdiff\bsdiff\x64\debug\randtable.obj
e:\eclipse_workplace\ndkmerge\code\bsdiff\bsdiff\x64\debug\huffman.obj
e:\eclipse_workplace\ndkmerge\code\bsdiff\bsdiff\x64\debug\decompress.obj
e:\eclipse_workplace\ndkmerge\code\bsdiff\bsdiff\x64\debug\crctable.obj
e:\eclipse_workplace\ndkmerge\code\bsdiff\bsdiff\x64\debug\compress.obj
e:\eclipse_workplace\ndkmerge\code\bsdiff\bsdiff\x64\debug\bzlib.obj
e:\eclipse_workplace\ndkmerge\code\bsdiff\bsdiff\x64\debug\blocksort.obj
e:\eclipse_workplace\ndkmerge\code\bsdiff\bsdiff\x64\debug\bsdiff.obj
e:\eclipse_workplace\ndkmerge\code\bsdiff\x64\debug\bsdiff.ilk
e:\eclipse_workplace\ndkmerge\code\bsdiff\x64\debug\bsdiff.dll
e:\eclipse_workplace\ndkmerge\code\bsdiff\x64\debug\bsdiff.pdb
e:\eclipse_workplace\ndkmerge\code\bsdiff\bsdiff\x64\debug\bsdiff.tlog\bsdiff.write.1u.tlog
e:\eclipse_workplace\ndkmerge\code\bsdiff\bsdiff\x64\debug\bsdiff.tlog\cl.command.1.tlog
e:\eclipse_workplace\ndkmerge\code\bsdiff\bsdiff\x64\debug\bsdiff.tlog\cl.read.1.tlog
e:\eclipse_workplace\ndkmerge\code\bsdiff\bsdiff\x64\debug\bsdiff.tlog\cl.write.1.tlog
e:\eclipse_workplace\ndkmerge\code\bsdiff\bsdiff\x64\debug\bsdiff.tlog\link.command.1.tlog
e:\eclipse_workplace\ndkmerge\code\bsdiff\bsdiff\x64\debug\bsdiff.tlog\link.read.1.tlog
e:\eclipse_workplace\ndkmerge\code\bsdiff\bsdiff\x64\debug\bsdiff.tlog\link.write.1.tlog
